0 info it worked if it ends with ok
1 verbose cli [ '/Users/ngoke/.nvm/v0.12.6/bin/node',
1 verbose cli   '/Users/ngoke/.nvm/v0.12.6/bin/npm',
1 verbose cli   'run',
1 verbose cli   'docs' ]
2 info using npm@2.11.2
3 info using node@v0.12.6
4 verbose run-script [ 'predocs', 'docs', 'postdocs' ]
5 info predocs aframe-site-dev@0.0.0
6 info docs aframe-site-dev@0.0.0
7 verbose unsafe-perm in lifecycle true
8 info aframe-site-dev@0.0.0 Failed to exec docs script
9 verbose stack Error: aframe-site-dev@0.0.0 docs: `node scripts/docs.js`
9 verbose stack Exit status 1
9 verbose stack     at EventEmitter.<anonymous> (/Users/ngoke/.nvm/v0.12.6/lib/node_modules/npm/lib/utils/lifecycle.js:213:16)
9 verbose stack     at EventEmitter.emit (events.js:110:17)
9 verbose stack     at ChildProcess.<anonymous> (/Users/ngoke/.nvm/v0.12.6/lib/node_modules/npm/lib/utils/spawn.js:24:14)
9 verbose stack     at ChildProcess.emit (events.js:110:17)
9 verbose stack     at maybeClose (child_process.js:1015:16)
9 verbose stack     at Process.ChildProcess._handle.onexit (child_process.js:1087:5)
10 verbose pkgid aframe-site-dev@0.0.0
11 verbose cwd /Users/ngoke/Code/aframe-site-dev/src
12 error Darwin 14.4.0
13 error argv "/Users/ngoke/.nvm/v0.12.6/bin/node" "/Users/ngoke/.nvm/v0.12.6/bin/npm" "run" "docs"
14 error node v0.12.6
15 error npm  v2.11.2
16 error code ELIFECYCLE
17 error aframe-site-dev@0.0.0 docs: `node scripts/docs.js`
17 error Exit status 1
18 error Failed at the aframe-site-dev@0.0.0 docs script 'node scripts/docs.js'.
18 error This is most likely a problem with the aframe-site-dev package,
18 error not with npm itself.
18 error Tell the author that this fails on your system:
18 error     node scripts/docs.js
18 error You can get their info via:
18 error     npm owner ls aframe-site-dev
18 error There is likely additional logging output above.
19 verbose exit [ 1, true ]
